Start testing: Jul 28 19:40 PDT
----------------------------------------------------------
1/5 Testing: test_model
1/5 Test: test_model
Command: "/tmp/claude-1000/-home-emal-Code-avala-5-avala/8543e27b-b880-4c55-83ee-d9579bb7a24b/scratchpad/4dgs-cpp/cpp/build-asan/test_model"
Directory: /tmp/claude-1000/-home-emal-Code-avala-5-avala/8543e27b-b880-4c55-83ee-d9579bb7a24b/scratchpad/4dgs-cpp/cpp/build-asan
"test_model" start time: Jul 28 19:40 PDT
Output:
----------------------------------------------------------
<end of output>
Test time =   0.01 sec
----------------------------------------------------------
Test Passed.
"test_model" end time: Jul 28 19:40 PDT
"test_model" time elapsed: 00:00:00
----------------------------------------------------------

2/5 Testing: test_result
2/5 Test: test_result
Command: "/tmp/claude-1000/-home-emal-Code-avala-5-avala/8543e27b-b880-4c55-83ee-d9579bb7a24b/scratchpad/4dgs-cpp/cpp/build-asan/test_result"
Directory: /tmp/claude-1000/-home-emal-Code-avala-5-avala/8543e27b-b880-4c55-83ee-d9579bb7a24b/scratchpad/4dgs-cpp/cpp/build-asan
"test_result" start time: Jul 28 19:40 PDT
Output:
----------------------------------------------------------
<end of output>
Test time =   0.00 sec
----------------------------------------------------------
Test Passed.
"test_result" end time: Jul 28 19:40 PDT
"test_result" time elapsed: 00:00:00
----------------------------------------------------------

3/5 Testing: test_readable
3/5 Test: test_readable
Command: "/tmp/claude-1000/-home-emal-Code-avala-5-avala/8543e27b-b880-4c55-83ee-d9579bb7a24b/scratchpad/4dgs-cpp/cpp/build-asan/test_readable"
Directory: /tmp/claude-1000/-home-emal-Code-avala-5-avala/8543e27b-b880-4c55-83ee-d9579bb7a24b/scratchpad/4dgs-cpp/cpp/build-asan
"test_readable" start time: Jul 28 19:40 PDT
Output:
----------------------------------------------------------
<end of output>
Test time =   0.00 sec
----------------------------------------------------------
Test Passed.
"test_readable" end time: Jul 28 19:40 PDT
"test_readable" time elapsed: 00:00:00
----------------------------------------------------------

4/5 Testing: test_seam
4/5 Test: test_seam
Command: "/tmp/claude-1000/-home-emal-Code-avala-5-avala/8543e27b-b880-4c55-83ee-d9579bb7a24b/scratchpad/4dgs-cpp/cpp/build-asan/test_seam"
Directory: /tmp/claude-1000/-home-emal-Code-avala-5-avala/8543e27b-b880-4c55-83ee-d9579bb7a24b/scratchpad/4dgs-cpp/cpp/build-asan
"test_seam" start time: Jul 28 19:40 PDT
Output:
----------------------------------------------------------
<end of output>
Test time =   0.00 sec
----------------------------------------------------------
Test Passed.
"test_seam" end time: Jul 28 19:40 PDT
"test_seam" time elapsed: 00:00:00
----------------------------------------------------------

5/5 Testing: test_canonical
5/5 Test: test_canonical
Command: "/tmp/claude-1000/-home-emal-Code-avala-5-avala/8543e27b-b880-4c55-83ee-d9579bb7a24b/scratchpad/4dgs-cpp/cpp/build-asan/test_canonical"
Directory: /tmp/claude-1000/-home-emal-Code-avala-5-avala/8543e27b-b880-4c55-83ee-d9579bb7a24b/scratchpad/4dgs-cpp/cpp/build-asan
"test_canonical" start time: Jul 28 19:40 PDT
Output:
----------------------------------------------------------
<end of output>
Test time =   0.01 sec
----------------------------------------------------------
Test Passed.
"test_canonical" end time: Jul 28 19:40 PDT
"test_canonical" time elapsed: 00:00:00
----------------------------------------------------------

End testing: Jul 28 19:40 PDT
